::1 - - [15/May/2025:12:40:43 +0000] "GET /api/movies HTTP/1.1" - - "-" "PostmanRuntime/7.43.4"
::1 - - [15/May/2025:13:01:44 +0000] "GET /api/movies HTTP/1.1" 200 16661 "-" "PostmanRuntime/7.43.4"
::1 - - [15/May/2025:13:02:41 +0000] "GET /api/movies HTTP/1.1" 200 50662 "-" "PostmanRuntime/7.43.4"
::1 - - [15/May/2025:13:18:28 +0000] "GET /api/movies HTTP/1.1" 200 49639 "-" "PostmanRuntime/7.43.4"
::1 - - [15/May/2025:13:27:58 +0000] "GET /api/movies HTTP/1.1" 200 51686 "-" "PostmanRuntime/7.43.4"
::1 - - [15/May/2025:14:09:00 +0000] "GET /api/movies/rus/ HTTP/1.1" 404 154 "-" "PostmanRuntime/7.43.4"
::1 - - [15/May/2025:14:09:09 +0000] "GET /api/movies/rus HTTP/1.1" 404 153 "-" "PostmanRuntime/7.43.4"
::1 - - [15/May/2025:14:09:10 +0000] "GET /api/movies/rus HTTP/1.1" 404 153 "-" "PostmanRuntime/7.43.4"
::1 - - [15/May/2025:14:09:32 +0000] "GET /api/movies HTTP/1.1" 404 149 "-" "PostmanRuntime/7.43.4"
::1 - - [15/May/2025:14:10:29 +0000] "GET /api/movies/rus HTTP/1.1" 404 153 "-" "PostmanRuntime/7.43.4"
::1 - - [15/May/2025:14:10:31 +0000] "GET /api/movies HTTP/1.1" 404 149 "-" "PostmanRuntime/7.43.4"
::1 - - [15/May/2025:14:10:44 +0000] "GET /api/movies/ HTTP/1.1" 404 150 "-" "PostmanRuntime/7.43.4"
::1 - - [15/May/2025:14:10:47 +0000] "GET /api/movies HTTP/1.1" 404 149 "-" "PostmanRuntime/7.43.4"
::1 - - [15/May/2025:14:11:18 +0000] "GET /api/movies HTTP/1.1" 200 51686 "-" "PostmanRuntime/7.43.4"
::1 - - [15/May/2025:14:11:22 +0000] "GET /api/movies/rus HTTP/1.1" 200 2 "-" "PostmanRuntime/7.43.4"
::1 - - [15/May/2025:14:11:47 +0000] "GET /api/movies/rus HTTP/1.1" 200 2 "-" "PostmanRuntime/7.43.4"
::1 - - [15/May/2025:14:11:55 +0000] "GET /api/movies/rus HTTP/1.1" 200 1314639 "-" "PostmanRuntime/7.43.4"
::1 - - [15/May/2025:14:17:11 +0000] "GET /api/movies/rus HTTP/1.1" 500 - "-" "PostmanRuntime/7.43.4"
::1 - - [15/May/2025:14:17:29 +0000] "GET /api/movies/rus HTTP/1.1" 200 373694 "-" "PostmanRuntime/7.43.4"
::1 - - [15/May/2025:14:24:34 +0000] "GET /api/movies/genres HTTP/1.1" 404 156 "-" "PostmanRuntime/7.43.4"
::1 - - [15/May/2025:14:26:58 +0000] "GET /api/movies/genres HTTP/1.1" 200 896057 "-" "PostmanRuntime/7.43.4"
::1 - - [15/May/2025:14:28:21 +0000] "GET /api/movies/genres HTTP/1.1" 200 83939 "-" "PostmanRuntime/7.43.4"
